

[WARN ] 2018-07-10 11:28:56,019 method:com.alibaba.dubbo.registry.support.AbstractRegistry.doSaveProperties(AbstractRegistry.java:221)
 [DUBBO] Failed to save registry store file, cause: Can not lock the registry cache file C:\Users\CliveLyn\.dubbo\dubbo-registry-192.168.25.167.cache, ignore and retry later, maybe multi java process use the file, please config: dubbo.registry.file=xxx.properties, dubbo version: 2.5.3, current host: 10.25.193.20
java.io.IOException: Can not lock the registry cache file C:\Users\CliveLyn\.dubbo\dubbo-registry-192.168.25.167.cache, ignore and retry later, maybe multi java process use the file, please config: dubbo.registry.file=xxx.properties
	at com.alibaba.dubbo.registry.support.AbstractRegistry.doSaveProperties(AbstractRegistry.java:193)
	at com.alibaba.dubbo.registry.support.AbstractRegistry$SaveProperties.run(AbstractRegistry.java:150)
	at java.util.concurrent.ThreadPoolExecutor.runWorker(ThreadPoolExecutor.java:1142)
	at java.util.concurrent.ThreadPoolExecutor$Worker.run(ThreadPoolExecutor.java:617)
	at java.lang.Thread.run(Thread.java:745)


[WARN ] 2018-07-10 11:28:56,020 method:com.alibaba.dubbo.registry.support.AbstractRegistry.doSaveProperties(AbstractRegistry.java:221)
 [DUBBO] Failed to save registry store file, cause: Can not lock the registry cache file C:\Users\CliveLyn\.dubbo\dubbo-registry-192.168.25.167.cache, ignore and retry later, maybe multi java process use the file, please config: dubbo.registry.file=xxx.properties, dubbo version: 2.5.3, current host: 10.25.193.20
java.io.IOException: Can not lock the registry cache file C:\Users\CliveLyn\.dubbo\dubbo-registry-192.168.25.167.cache, ignore and retry later, maybe multi java process use the file, please config: dubbo.registry.file=xxx.properties
	at com.alibaba.dubbo.registry.support.AbstractRegistry.doSaveProperties(AbstractRegistry.java:193)
	at com.alibaba.dubbo.registry.support.AbstractRegistry$SaveProperties.run(AbstractRegistry.java:150)
	at java.util.concurrent.ThreadPoolExecutor.runWorker(ThreadPoolExecutor.java:1142)
	at java.util.concurrent.ThreadPoolExecutor$Worker.run(ThreadPoolExecutor.java:617)
	at java.lang.Thread.run(Thread.java:745)


[WARN ] 2018-07-10 11:28:56,022 method:com.alibaba.dubbo.registry.support.AbstractRegistry.doSaveProperties(AbstractRegistry.java:221)
 [DUBBO] Failed to save registry store file, cause: Can not lock the registry cache file C:\Users\CliveLyn\.dubbo\dubbo-registry-192.168.25.167.cache, ignore and retry later, maybe multi java process use the file, please config: dubbo.registry.file=xxx.properties, dubbo version: 2.5.3, current host: 10.25.193.20
java.io.IOException: Can not lock the registry cache file C:\Users\CliveLyn\.dubbo\dubbo-registry-192.168.25.167.cache, ignore and retry later, maybe multi java process use the file, please config: dubbo.registry.file=xxx.properties
	at com.alibaba.dubbo.registry.support.AbstractRegistry.doSaveProperties(AbstractRegistry.java:193)
	at com.alibaba.dubbo.registry.support.AbstractRegistry$SaveProperties.run(AbstractRegistry.java:150)
	at java.util.concurrent.ThreadPoolExecutor.runWorker(ThreadPoolExecutor.java:1142)
	at java.util.concurrent.ThreadPoolExecutor$Worker.run(ThreadPoolExecutor.java:617)
	at java.lang.Thread.run(Thread.java:745)


[WARN ] 2018-07-10 11:28:56,024 method:com.alibaba.dubbo.registry.support.AbstractRegistry.doSaveProperties(AbstractRegistry.java:221)
 [DUBBO] Failed to save registry store file, cause: Can not lock the registry cache file C:\Users\CliveLyn\.dubbo\dubbo-registry-192.168.25.167.cache, ignore and retry later, maybe multi java process use the file, please config: dubbo.registry.file=xxx.properties, dubbo version: 2.5.3, current host: 10.25.193.20
java.io.IOException: Can not lock the registry cache file C:\Users\CliveLyn\.dubbo\dubbo-registry-192.168.25.167.cache, ignore and retry later, maybe multi java process use the file, please config: dubbo.registry.file=xxx.properties
	at com.alibaba.dubbo.registry.support.AbstractRegistry.doSaveProperties(AbstractRegistry.java:193)
	at com.alibaba.dubbo.registry.support.AbstractRegistry$SaveProperties.run(AbstractRegistry.java:150)
	at java.util.concurrent.ThreadPoolExecutor.runWorker(ThreadPoolExecutor.java:1142)
	at java.util.concurrent.ThreadPoolExecutor$Worker.run(ThreadPoolExecutor.java:617)
	at java.lang.Thread.run(Thread.java:745)


[WARN ] 2018-07-10 11:28:56,027 method:com.alibaba.dubbo.registry.support.AbstractRegistry.doSaveProperties(AbstractRegistry.java:221)
 [DUBBO] Failed to save registry store file, cause: Can not lock the registry cache file C:\Users\CliveLyn\.dubbo\dubbo-registry-192.168.25.167.cache, ignore and retry later, maybe multi java process use the file, please config: dubbo.registry.file=xxx.properties, dubbo version: 2.5.3, current host: 10.25.193.20
java.io.IOException: Can not lock the registry cache file C:\Users\CliveLyn\.dubbo\dubbo-registry-192.168.25.167.cache, ignore and retry later, maybe multi java process use the file, please config: dubbo.registry.file=xxx.properties
	at com.alibaba.dubbo.registry.support.AbstractRegistry.doSaveProperties(AbstractRegistry.java:193)
	at com.alibaba.dubbo.registry.support.AbstractRegistry$SaveProperties.run(AbstractRegistry.java:150)
	at java.util.concurrent.ThreadPoolExecutor.runWorker(ThreadPoolExecutor.java:1142)
	at java.util.concurrent.ThreadPoolExecutor$Worker.run(ThreadPoolExecutor.java:617)
	at java.lang.Thread.run(Thread.java:745)


[WARN ] 2018-07-10 11:28:56,028 method:com.alibaba.dubbo.registry.support.AbstractRegistry.doSaveProperties(AbstractRegistry.java:221)
 [DUBBO] Failed to save registry store file, cause: Can not lock the registry cache file C:\Users\CliveLyn\.dubbo\dubbo-registry-192.168.25.167.cache, ignore and retry later, maybe multi java process use the file, please config: dubbo.registry.file=xxx.properties, dubbo version: 2.5.3, current host: 10.25.193.20
java.io.IOException: Can not lock the registry cache file C:\Users\CliveLyn\.dubbo\dubbo-registry-192.168.25.167.cache, ignore and retry later, maybe multi java process use the file, please config: dubbo.registry.file=xxx.properties
	at com.alibaba.dubbo.registry.support.AbstractRegistry.doSaveProperties(AbstractRegistry.java:193)
	at com.alibaba.dubbo.registry.support.AbstractRegistry$SaveProperties.run(AbstractRegistry.java:150)
	at java.util.concurrent.ThreadPoolExecutor.runWorker(ThreadPoolExecutor.java:1142)
	at java.util.concurrent.ThreadPoolExecutor$Worker.run(ThreadPoolExecutor.java:617)
	at java.lang.Thread.run(Thread.java:745)


[WARN ] 2018-07-10 11:28:56,029 method:com.alibaba.dubbo.registry.support.AbstractRegistry.doSaveProperties(AbstractRegistry.java:221)
 [DUBBO] Failed to save registry store file, cause: Can not lock the registry cache file C:\Users\CliveLyn\.dubbo\dubbo-registry-192.168.25.167.cache, ignore and retry later, maybe multi java process use the file, please config: dubbo.registry.file=xxx.properties, dubbo version: 2.5.3, current host: 10.25.193.20
java.io.IOException: Can not lock the registry cache file C:\Users\CliveLyn\.dubbo\dubbo-registry-192.168.25.167.cache, ignore and retry later, maybe multi java process use the file, please config: dubbo.registry.file=xxx.properties
	at com.alibaba.dubbo.registry.support.AbstractRegistry.doSaveProperties(AbstractRegistry.java:193)
	at com.alibaba.dubbo.registry.support.AbstractRegistry$SaveProperties.run(AbstractRegistry.java:150)
	at java.util.concurrent.ThreadPoolExecutor.runWorker(ThreadPoolExecutor.java:1142)
	at java.util.concurrent.ThreadPoolExecutor$Worker.run(ThreadPoolExecutor.java:617)
	at java.lang.Thread.run(Thread.java:745)


[WARN ] 2018-07-10 11:28:56,034 method:com.alibaba.dubbo.registry.support.AbstractRegistry.doSaveProperties(AbstractRegistry.java:221)
 [DUBBO] Failed to save registry store file, cause: Can not lock the registry cache file C:\Users\CliveLyn\.dubbo\dubbo-registry-192.168.25.167.cache, ignore and retry later, maybe multi java process use the file, please config: dubbo.registry.file=xxx.properties, dubbo version: 2.5.3, current host: 10.25.193.20
java.io.IOException: Can not lock the registry cache file C:\Users\CliveLyn\.dubbo\dubbo-registry-192.168.25.167.cache, ignore and retry later, maybe multi java process use the file, please config: dubbo.registry.file=xxx.properties
	at com.alibaba.dubbo.registry.support.AbstractRegistry.doSaveProperties(AbstractRegistry.java:193)
	at com.alibaba.dubbo.registry.support.AbstractRegistry$SaveProperties.run(AbstractRegistry.java:150)
	at java.util.concurrent.ThreadPoolExecutor.runWorker(ThreadPoolExecutor.java:1142)
	at java.util.concurrent.ThreadPoolExecutor$Worker.run(ThreadPoolExecutor.java:617)
	at java.lang.Thread.run(Thread.java:745)


[WARN ] 2018-07-10 11:28:56,038 method:com.alibaba.dubbo.registry.support.AbstractRegistry.doSaveProperties(AbstractRegistry.java:221)
 [DUBBO] Failed to save registry store file, cause: Can not lock the registry cache file C:\Users\CliveLyn\.dubbo\dubbo-registry-192.168.25.167.cache, ignore and retry later, maybe multi java process use the file, please config: dubbo.registry.file=xxx.properties, dubbo version: 2.5.3, current host: 10.25.193.20
java.io.IOException: Can not lock the registry cache file C:\Users\CliveLyn\.dubbo\dubbo-registry-192.168.25.167.cache, ignore and retry later, maybe multi java process use the file, please config: dubbo.registry.file=xxx.properties
	at com.alibaba.dubbo.registry.support.AbstractRegistry.doSaveProperties(AbstractRegistry.java:193)
	at com.alibaba.dubbo.registry.support.AbstractRegistry$SaveProperties.run(AbstractRegistry.java:150)
	at java.util.concurrent.ThreadPoolExecutor.runWorker(ThreadPoolExecutor.java:1142)
	at java.util.concurrent.ThreadPoolExecutor$Worker.run(ThreadPoolExecutor.java:617)
	at java.lang.Thread.run(Thread.java:745)


[WARN ] 2018-07-10 11:28:56,040 method:com.alibaba.dubbo.registry.support.AbstractRegistry.doSaveProperties(AbstractRegistry.java:221)
 [DUBBO] Failed to save registry store file, cause: Can not lock the registry cache file C:\Users\CliveLyn\.dubbo\dubbo-registry-192.168.25.167.cache, ignore and retry later, maybe multi java process use the file, please config: dubbo.registry.file=xxx.properties, dubbo version: 2.5.3, current host: 10.25.193.20
java.io.IOException: Can not lock the registry cache file C:\Users\CliveLyn\.dubbo\dubbo-registry-192.168.25.167.cache, ignore and retry later, maybe multi java process use the file, please config: dubbo.registry.file=xxx.properties
	at com.alibaba.dubbo.registry.support.AbstractRegistry.doSaveProperties(AbstractRegistry.java:193)
	at com.alibaba.dubbo.registry.support.AbstractRegistry$SaveProperties.run(AbstractRegistry.java:150)
	at java.util.concurrent.ThreadPoolExecutor.runWorker(ThreadPoolExecutor.java:1142)
	at java.util.concurrent.ThreadPoolExecutor$Worker.run(ThreadPoolExecutor.java:617)
	at java.lang.Thread.run(Thread.java:745)


[WARN ] 2018-07-10 11:28:56,042 method:com.alibaba.dubbo.registry.support.AbstractRegistry.doSaveProperties(AbstractRegistry.java:221)
 [DUBBO] Failed to save registry store file, cause: Can not lock the registry cache file C:\Users\CliveLyn\.dubbo\dubbo-registry-192.168.25.167.cache, ignore and retry later, maybe multi java process use the file, please config: dubbo.registry.file=xxx.properties, dubbo version: 2.5.3, current host: 10.25.193.20
java.io.IOException: Can not lock the registry cache file C:\Users\CliveLyn\.dubbo\dubbo-registry-192.168.25.167.cache, ignore and retry later, maybe multi java process use the file, please config: dubbo.registry.file=xxx.properties
	at com.alibaba.dubbo.registry.support.AbstractRegistry.doSaveProperties(AbstractRegistry.java:193)
	at com.alibaba.dubbo.registry.support.AbstractRegistry$SaveProperties.run(AbstractRegistry.java:150)
	at java.util.concurrent.ThreadPoolExecutor.runWorker(ThreadPoolExecutor.java:1142)
	at java.util.concurrent.ThreadPoolExecutor$Worker.run(ThreadPoolExecutor.java:617)
	at java.lang.Thread.run(Thread.java:745)


[WARN ] 2018-07-10 11:28:56,243 method:com.alibaba.dubbo.registry.support.AbstractRegistry.doSaveProperties(AbstractRegistry.java:221)
 [DUBBO] Failed to save registry store file, cause: Can not lock the registry cache file C:\Users\CliveLyn\.dubbo\dubbo-registry-192.168.25.167.cache, ignore and retry later, maybe multi java process use the file, please config: dubbo.registry.file=xxx.properties, dubbo version: 2.5.3, current host: 10.25.193.20
java.io.IOException: Can not lock the registry cache file C:\Users\CliveLyn\.dubbo\dubbo-registry-192.168.25.167.cache, ignore and retry later, maybe multi java process use the file, please config: dubbo.registry.file=xxx.properties
	at com.alibaba.dubbo.registry.support.AbstractRegistry.doSaveProperties(AbstractRegistry.java:193)
	at com.alibaba.dubbo.registry.support.AbstractRegistry$SaveProperties.run(AbstractRegistry.java:150)
	at java.util.concurrent.ThreadPoolExecutor.runWorker(ThreadPoolExecutor.java:1142)
	at java.util.concurrent.ThreadPoolExecutor$Worker.run(ThreadPoolExecutor.java:617)
	at java.lang.Thread.run(Thread.java:745)


[WARN ] 2018-07-10 11:28:56,245 method:com.alibaba.dubbo.registry.support.AbstractRegistry.doSaveProperties(AbstractRegistry.java:221)
 [DUBBO] Failed to save registry store file, cause: Can not lock the registry cache file C:\Users\CliveLyn\.dubbo\dubbo-registry-192.168.25.167.cache, ignore and retry later, maybe multi java process use the file, please config: dubbo.registry.file=xxx.properties, dubbo version: 2.5.3, current host: 10.25.193.20
java.io.IOException: Can not lock the registry cache file C:\Users\CliveLyn\.dubbo\dubbo-registry-192.168.25.167.cache, ignore and retry later, maybe multi java process use the file, please config: dubbo.registry.file=xxx.properties
	at com.alibaba.dubbo.registry.support.AbstractRegistry.doSaveProperties(AbstractRegistry.java:193)
	at com.alibaba.dubbo.registry.support.AbstractRegistry$SaveProperties.run(AbstractRegistry.java:150)
	at java.util.concurrent.ThreadPoolExecutor.runWorker(ThreadPoolExecutor.java:1142)
	at java.util.concurrent.ThreadPoolExecutor$Worker.run(ThreadPoolExecutor.java:617)
	at java.lang.Thread.run(Thread.java:745)


[WARN ] 2018-07-10 11:28:56,246 method:com.alibaba.dubbo.registry.support.AbstractRegistry.doSaveProperties(AbstractRegistry.java:221)
 [DUBBO] Failed to save registry store file, cause: Can not lock the registry cache file C:\Users\CliveLyn\.dubbo\dubbo-registry-192.168.25.167.cache, ignore and retry later, maybe multi java process use the file, please config: dubbo.registry.file=xxx.properties, dubbo version: 2.5.3, current host: 10.25.193.20
java.io.IOException: Can not lock the registry cache file C:\Users\CliveLyn\.dubbo\dubbo-registry-192.168.25.167.cache, ignore and retry later, maybe multi java process use the file, please config: dubbo.registry.file=xxx.properties
	at com.alibaba.dubbo.registry.support.AbstractRegistry.doSaveProperties(AbstractRegistry.java:193)
	at com.alibaba.dubbo.registry.support.AbstractRegistry$SaveProperties.run(AbstractRegistry.java:150)
	at java.util.concurrent.ThreadPoolExecutor.runWorker(ThreadPoolExecutor.java:1142)
	at java.util.concurrent.ThreadPoolExecutor$Worker.run(ThreadPoolExecutor.java:617)
	at java.lang.Thread.run(Thread.java:745)


[WARN ] 2018-07-10 11:28:56,247 method:com.alibaba.dubbo.registry.support.AbstractRegistry.doSaveProperties(AbstractRegistry.java:221)
 [DUBBO] Failed to save registry store file, cause: Can not lock the registry cache file C:\Users\CliveLyn\.dubbo\dubbo-registry-192.168.25.167.cache, ignore and retry later, maybe multi java process use the file, please config: dubbo.registry.file=xxx.properties, dubbo version: 2.5.3, current host: 10.25.193.20
java.io.IOException: Can not lock the registry cache file C:\Users\CliveLyn\.dubbo\dubbo-registry-192.168.25.167.cache, ignore and retry later, maybe multi java process use the file, please config: dubbo.registry.file=xxx.properties
	at com.alibaba.dubbo.registry.support.AbstractRegistry.doSaveProperties(AbstractRegistry.java:193)
	at com.alibaba.dubbo.registry.support.AbstractRegistry$SaveProperties.run(AbstractRegistry.java:150)
	at java.util.concurrent.ThreadPoolExecutor.runWorker(ThreadPoolExecutor.java:1142)
	at java.util.concurrent.ThreadPoolExecutor$Worker.run(ThreadPoolExecutor.java:617)
	at java.lang.Thread.run(Thread.java:745)


[WARN ] 2018-07-10 11:28:56,263 method:com.alibaba.dubbo.registry.support.AbstractRegistry.doSaveProperties(AbstractRegistry.java:221)
 [DUBBO] Failed to save registry store file, cause: Can not lock the registry cache file C:\Users\CliveLyn\.dubbo\dubbo-registry-192.168.25.167.cache, ignore and retry later, maybe multi java process use the file, please config: dubbo.registry.file=xxx.properties, dubbo version: 2.5.3, current host: 10.25.193.20
java.io.IOException: Can not lock the registry cache file C:\Users\CliveLyn\.dubbo\dubbo-registry-192.168.25.167.cache, ignore and retry later, maybe multi java process use the file, please config: dubbo.registry.file=xxx.properties
	at com.alibaba.dubbo.registry.support.AbstractRegistry.doSaveProperties(AbstractRegistry.java:193)
	at com.alibaba.dubbo.registry.support.AbstractRegistry$SaveProperties.run(AbstractRegistry.java:150)
	at java.util.concurrent.ThreadPoolExecutor.runWorker(ThreadPoolExecutor.java:1142)
	at java.util.concurrent.ThreadPoolExecutor$Worker.run(ThreadPoolExecutor.java:617)
	at java.lang.Thread.run(Thread.java:745)


[WARN ] 2018-07-10 11:28:56,265 method:com.alibaba.dubbo.registry.support.AbstractRegistry.doSaveProperties(AbstractRegistry.java:221)
 [DUBBO] Failed to save registry store file, cause: Can not lock the registry cache file C:\Users\CliveLyn\.dubbo\dubbo-registry-192.168.25.167.cache, ignore and retry later, maybe multi java process use the file, please config: dubbo.registry.file=xxx.properties, dubbo version: 2.5.3, current host: 10.25.193.20
java.io.IOException: Can not lock the registry cache file C:\Users\CliveLyn\.dubbo\dubbo-registry-192.168.25.167.cache, ignore and retry later, maybe multi java process use the file, please config: dubbo.registry.file=xxx.properties
	at com.alibaba.dubbo.registry.support.AbstractRegistry.doSaveProperties(AbstractRegistry.java:193)
	at com.alibaba.dubbo.registry.support.AbstractRegistry$SaveProperties.run(AbstractRegistry.java:150)
	at java.util.concurrent.ThreadPoolExecutor.runWorker(ThreadPoolExecutor.java:1142)
	at java.util.concurrent.ThreadPoolExecutor$Worker.run(ThreadPoolExecutor.java:617)
	at java.lang.Thread.run(Thread.java:745)


[WARN ] 2018-07-10 11:28:56,284 method:com.alibaba.dubbo.registry.support.AbstractRegistry.doSaveProperties(AbstractRegistry.java:221)
 [DUBBO] Failed to save registry store file, cause: Can not lock the registry cache file C:\Users\CliveLyn\.dubbo\dubbo-registry-192.168.25.167.cache, ignore and retry later, maybe multi java process use the file, please config: dubbo.registry.file=xxx.properties, dubbo version: 2.5.3, current host: 10.25.193.20
java.io.IOException: Can not lock the registry cache file C:\Users\CliveLyn\.dubbo\dubbo-registry-192.168.25.167.cache, ignore and retry later, maybe multi java process use the file, please config: dubbo.registry.file=xxx.properties
	at com.alibaba.dubbo.registry.support.AbstractRegistry.doSaveProperties(AbstractRegistry.java:193)
	at com.alibaba.dubbo.registry.support.AbstractRegistry$SaveProperties.run(AbstractRegistry.java:150)
	at java.util.concurrent.ThreadPoolExecutor.runWorker(ThreadPoolExecutor.java:1142)
	at java.util.concurrent.ThreadPoolExecutor$Worker.run(ThreadPoolExecutor.java:617)
	at java.lang.Thread.run(Thread.java:745)


[WARN ] 2018-07-10 11:28:56,286 method:com.alibaba.dubbo.registry.support.AbstractRegistry.doSaveProperties(AbstractRegistry.java:221)
 [DUBBO] Failed to save registry store file, cause: Can not lock the registry cache file C:\Users\CliveLyn\.dubbo\dubbo-registry-192.168.25.167.cache, ignore and retry later, maybe multi java process use the file, please config: dubbo.registry.file=xxx.properties, dubbo version: 2.5.3, current host: 10.25.193.20
java.io.IOException: Can not lock the registry cache file C:\Users\CliveLyn\.dubbo\dubbo-registry-192.168.25.167.cache, ignore and retry later, maybe multi java process use the file, please config: dubbo.registry.file=xxx.properties
	at com.alibaba.dubbo.registry.support.AbstractRegistry.doSaveProperties(AbstractRegistry.java:193)
	at com.alibaba.dubbo.registry.support.AbstractRegistry$SaveProperties.run(AbstractRegistry.java:150)
	at java.util.concurrent.ThreadPoolExecutor.runWorker(ThreadPoolExecutor.java:1142)
	at java.util.concurrent.ThreadPoolExecutor$Worker.run(ThreadPoolExecutor.java:617)
	at java.lang.Thread.run(Thread.java:745)


[WARN ] 2018-07-10 11:28:56,353 method:com.alibaba.dubbo.registry.support.AbstractRegistry.doSaveProperties(AbstractRegistry.java:221)
 [DUBBO] Failed to save registry store file, cause: Can not lock the registry cache file C:\Users\CliveLyn\.dubbo\dubbo-registry-192.168.25.167.cache, ignore and retry later, maybe multi java process use the file, please config: dubbo.registry.file=xxx.properties, dubbo version: 2.5.3, current host: 10.25.193.20
java.io.IOException: Can not lock the registry cache file C:\Users\CliveLyn\.dubbo\dubbo-registry-192.168.25.167.cache, ignore and retry later, maybe multi java process use the file, please config: dubbo.registry.file=xxx.properties
	at com.alibaba.dubbo.registry.support.AbstractRegistry.doSaveProperties(AbstractRegistry.java:193)
	at com.alibaba.dubbo.registry.support.AbstractRegistry$SaveProperties.run(AbstractRegistry.java:150)
	at java.util.concurrent.ThreadPoolExecutor.runWorker(ThreadPoolExecutor.java:1142)
	at java.util.concurrent.ThreadPoolExecutor$Worker.run(ThreadPoolExecutor.java:617)
	at java.lang.Thread.run(Thread.java:745)


[WARN ] 2018-07-10 11:28:56,376 method:com.alibaba.dubbo.registry.support.AbstractRegistry.doSaveProperties(AbstractRegistry.java:221)
 [DUBBO] Failed to save registry store file, cause: Can not lock the registry cache file C:\Users\CliveLyn\.dubbo\dubbo-registry-192.168.25.167.cache, ignore and retry later, maybe multi java process use the file, please config: dubbo.registry.file=xxx.properties, dubbo version: 2.5.3, current host: 10.25.193.20
java.io.IOException: Can not lock the registry cache file C:\Users\CliveLyn\.dubbo\dubbo-registry-192.168.25.167.cache, ignore and retry later, maybe multi java process use the file, please config: dubbo.registry.file=xxx.properties
	at com.alibaba.dubbo.registry.support.AbstractRegistry.doSaveProperties(AbstractRegistry.java:193)
	at com.alibaba.dubbo.registry.support.AbstractRegistry$SaveProperties.run(AbstractRegistry.java:150)
	at java.util.concurrent.ThreadPoolExecutor.runWorker(ThreadPoolExecutor.java:1142)
	at java.util.concurrent.ThreadPoolExecutor$Worker.run(ThreadPoolExecutor.java:617)
	at java.lang.Thread.run(Thread.java:745)


[WARN ] 2018-07-10 11:28:56,398 method:com.alibaba.dubbo.registry.support.AbstractRegistry.doSaveProperties(AbstractRegistry.java:221)
 [DUBBO] Failed to save registry store file, cause: Can not lock the registry cache file C:\Users\CliveLyn\.dubbo\dubbo-registry-192.168.25.167.cache, ignore and retry later, maybe multi java process use the file, please config: dubbo.registry.file=xxx.properties, dubbo version: 2.5.3, current host: 10.25.193.20
java.io.IOException: Can not lock the registry cache file C:\Users\CliveLyn\.dubbo\dubbo-registry-192.168.25.167.cache, ignore and retry later, maybe multi java process use the file, please config: dubbo.registry.file=xxx.properties
	at com.alibaba.dubbo.registry.support.AbstractRegistry.doSaveProperties(AbstractRegistry.java:193)
	at com.alibaba.dubbo.registry.support.AbstractRegistry$SaveProperties.run(AbstractRegistry.java:150)
	at java.util.concurrent.ThreadPoolExecutor.runWorker(ThreadPoolExecutor.java:1142)
	at java.util.concurrent.ThreadPoolExecutor$Worker.run(ThreadPoolExecutor.java:617)
	at java.lang.Thread.run(Thread.java:745)


[WARN ] 2018-07-10 11:28:56,400 method:com.alibaba.dubbo.registry.support.AbstractRegistry.doSaveProperties(AbstractRegistry.java:221)
 [DUBBO] Failed to save registry store file, cause: Can not lock the registry cache file C:\Users\CliveLyn\.dubbo\dubbo-registry-192.168.25.167.cache, ignore and retry later, maybe multi java process use the file, please config: dubbo.registry.file=xxx.properties, dubbo version: 2.5.3, current host: 10.25.193.20
java.io.IOException: Can not lock the registry cache file C:\Users\CliveLyn\.dubbo\dubbo-registry-192.168.25.167.cache, ignore and retry later, maybe multi java process use the file, please config: dubbo.registry.file=xxx.properties
	at com.alibaba.dubbo.registry.support.AbstractRegistry.doSaveProperties(AbstractRegistry.java:193)
	at com.alibaba.dubbo.registry.support.AbstractRegistry$SaveProperties.run(AbstractRegistry.java:150)
	at java.util.concurrent.ThreadPoolExecutor.runWorker(ThreadPoolExecutor.java:1142)
	at java.util.concurrent.ThreadPoolExecutor$Worker.run(ThreadPoolExecutor.java:617)
	at java.lang.Thread.run(Thread.java:745)


[WARN ] 2018-07-10 11:28:56,401 method:com.alibaba.dubbo.registry.support.AbstractRegistry.doSaveProperties(AbstractRegistry.java:221)
 [DUBBO] Failed to save registry store file, cause: Can not lock the registry cache file C:\Users\CliveLyn\.dubbo\dubbo-registry-192.168.25.167.cache, ignore and retry later, maybe multi java process use the file, please config: dubbo.registry.file=xxx.properties, dubbo version: 2.5.3, current host: 10.25.193.20
java.io.IOException: Can not lock the registry cache file C:\Users\CliveLyn\.dubbo\dubbo-registry-192.168.25.167.cache, ignore and retry later, maybe multi java process use the file, please config: dubbo.registry.file=xxx.properties
	at com.alibaba.dubbo.registry.support.AbstractRegistry.doSaveProperties(AbstractRegistry.java:193)
	at com.alibaba.dubbo.registry.support.AbstractRegistry$SaveProperties.run(AbstractRegistry.java:150)
	at java.util.concurrent.ThreadPoolExecutor.runWorker(ThreadPoolExecutor.java:1142)
	at java.util.concurrent.ThreadPoolExecutor$Worker.run(ThreadPoolExecutor.java:617)
	at java.lang.Thread.run(Thread.java:745)


[WARN ] 2018-07-10 11:28:56,403 method:com.alibaba.dubbo.registry.support.AbstractRegistry.doSaveProperties(AbstractRegistry.java:221)
 [DUBBO] Failed to save registry store file, cause: Can not lock the registry cache file C:\Users\CliveLyn\.dubbo\dubbo-registry-192.168.25.167.cache, ignore and retry later, maybe multi java process use the file, please config: dubbo.registry.file=xxx.properties, dubbo version: 2.5.3, current host: 10.25.193.20
java.io.IOException: Can not lock the registry cache file C:\Users\CliveLyn\.dubbo\dubbo-registry-192.168.25.167.cache, ignore and retry later, maybe multi java process use the file, please config: dubbo.registry.file=xxx.properties
	at com.alibaba.dubbo.registry.support.AbstractRegistry.doSaveProperties(AbstractRegistry.java:193)
	at com.alibaba.dubbo.registry.support.AbstractRegistry$SaveProperties.run(AbstractRegistry.java:150)
	at java.util.concurrent.ThreadPoolExecutor.runWorker(ThreadPoolExecutor.java:1142)
	at java.util.concurrent.ThreadPoolExecutor$Worker.run(ThreadPoolExecutor.java:617)
	at java.lang.Thread.run(Thread.java:745)


[WARN ] 2018-07-10 11:28:56,405 method:com.alibaba.dubbo.registry.support.AbstractRegistry.doSaveProperties(AbstractRegistry.java:221)
 [DUBBO] Failed to save registry store file, cause: Can not lock the registry cache file C:\Users\CliveLyn\.dubbo\dubbo-registry-192.168.25.167.cache, ignore and retry later, maybe multi java process use the file, please config: dubbo.registry.file=xxx.properties, dubbo version: 2.5.3, current host: 10.25.193.20
java.io.IOException: Can not lock the registry cache file C:\Users\CliveLyn\.dubbo\dubbo-registry-192.168.25.167.cache, ignore and retry later, maybe multi java process use the file, please config: dubbo.registry.file=xxx.properties
	at com.alibaba.dubbo.registry.support.AbstractRegistry.doSaveProperties(AbstractRegistry.java:193)
	at com.alibaba.dubbo.registry.support.AbstractRegistry$SaveProperties.run(AbstractRegistry.java:150)
	at java.util.concurrent.ThreadPoolExecutor.runWorker(ThreadPoolExecutor.java:1142)
	at java.util.concurrent.ThreadPoolExecutor$Worker.run(ThreadPoolExecutor.java:617)
	at java.lang.Thread.run(Thread.java:745)


[WARN ] 2018-07-10 11:28:56,520 method:com.alibaba.dubbo.registry.support.AbstractRegistry.doSaveProperties(AbstractRegistry.java:221)
 [DUBBO] Failed to save registry store file, cause: Can not lock the registry cache file C:\Users\CliveLyn\.dubbo\dubbo-registry-192.168.25.167.cache, ignore and retry later, maybe multi java process use the file, please config: dubbo.registry.file=xxx.properties, dubbo version: 2.5.3, current host: 10.25.193.20
java.io.IOException: Can not lock the registry cache file C:\Users\CliveLyn\.dubbo\dubbo-registry-192.168.25.167.cache, ignore and retry later, maybe multi java process use the file, please config: dubbo.registry.file=xxx.properties
	at com.alibaba.dubbo.registry.support.AbstractRegistry.doSaveProperties(AbstractRegistry.java:193)
	at com.alibaba.dubbo.registry.support.AbstractRegistry$SaveProperties.run(AbstractRegistry.java:150)
	at java.util.concurrent.ThreadPoolExecutor.runWorker(ThreadPoolExecutor.java:1142)
	at java.util.concurrent.ThreadPoolExecutor$Worker.run(ThreadPoolExecutor.java:617)
	at java.lang.Thread.run(Thread.java:745)


[WARN ] 2018-07-10 11:28:56,522 method:com.alibaba.dubbo.registry.support.AbstractRegistry.doSaveProperties(AbstractRegistry.java:221)
 [DUBBO] Failed to save registry store file, cause: Can not lock the registry cache file C:\Users\CliveLyn\.dubbo\dubbo-registry-192.168.25.167.cache, ignore and retry later, maybe multi java process use the file, please config: dubbo.registry.file=xxx.properties, dubbo version: 2.5.3, current host: 10.25.193.20
java.io.IOException: Can not lock the registry cache file C:\Users\CliveLyn\.dubbo\dubbo-registry-192.168.25.167.cache, ignore and retry later, maybe multi java process use the file, please config: dubbo.registry.file=xxx.properties
	at com.alibaba.dubbo.registry.support.AbstractRegistry.doSaveProperties(AbstractRegistry.java:193)
	at com.alibaba.dubbo.registry.support.AbstractRegistry$SaveProperties.run(AbstractRegistry.java:150)
	at java.util.concurrent.ThreadPoolExecutor.runWorker(ThreadPoolExecutor.java:1142)
	at java.util.concurrent.ThreadPoolExecutor$Worker.run(ThreadPoolExecutor.java:617)
	at java.lang.Thread.run(Thread.java:745)


[WARN ] 2018-07-10 11:28:56,523 method:com.alibaba.dubbo.registry.support.AbstractRegistry.doSaveProperties(AbstractRegistry.java:221)
 [DUBBO] Failed to save registry store file, cause: Can not lock the registry cache file C:\Users\CliveLyn\.dubbo\dubbo-registry-192.168.25.167.cache, ignore and retry later, maybe multi java process use the file, please config: dubbo.registry.file=xxx.properties, dubbo version: 2.5.3, current host: 10.25.193.20
java.io.IOException: Can not lock the registry cache file C:\Users\CliveLyn\.dubbo\dubbo-registry-192.168.25.167.cache, ignore and retry later, maybe multi java process use the file, please config: dubbo.registry.file=xxx.properties
	at com.alibaba.dubbo.registry.support.AbstractRegistry.doSaveProperties(AbstractRegistry.java:193)
	at com.alibaba.dubbo.registry.support.AbstractRegistry$SaveProperties.run(AbstractRegistry.java:150)
	at java.util.concurrent.ThreadPoolExecutor.runWorker(ThreadPoolExecutor.java:1142)
	at java.util.concurrent.ThreadPoolExecutor$Worker.run(ThreadPoolExecutor.java:617)
	at java.lang.Thread.run(Thread.java:745)


[WARN ] 2018-07-10 11:28:56,564 method:com.alibaba.dubbo.registry.support.AbstractRegistry.doSaveProperties(AbstractRegistry.java:221)
 [DUBBO] Failed to save registry store file, cause: Can not lock the registry cache file C:\Users\CliveLyn\.dubbo\dubbo-registry-192.168.25.167.cache, ignore and retry later, maybe multi java process use the file, please config: dubbo.registry.file=xxx.properties, dubbo version: 2.5.3, current host: 10.25.193.20
java.io.IOException: Can not lock the registry cache file C:\Users\CliveLyn\.dubbo\dubbo-registry-192.168.25.167.cache, ignore and retry later, maybe multi java process use the file, please config: dubbo.registry.file=xxx.properties
	at com.alibaba.dubbo.registry.support.AbstractRegistry.doSaveProperties(AbstractRegistry.java:193)
	at com.alibaba.dubbo.registry.support.AbstractRegistry$SaveProperties.run(AbstractRegistry.java:150)
	at java.util.concurrent.ThreadPoolExecutor.runWorker(ThreadPoolExecutor.java:1142)
	at java.util.concurrent.ThreadPoolExecutor$Worker.run(ThreadPoolExecutor.java:617)
	at java.lang.Thread.run(Thread.java:745)


[WARN ] 2018-07-10 11:28:56,566 method:com.alibaba.dubbo.registry.support.AbstractRegistry.doSaveProperties(AbstractRegistry.java:221)
 [DUBBO] Failed to save registry store file, cause: Can not lock the registry cache file C:\Users\CliveLyn\.dubbo\dubbo-registry-192.168.25.167.cache, ignore and retry later, maybe multi java process use the file, please config: dubbo.registry.file=xxx.properties, dubbo version: 2.5.3, current host: 10.25.193.20
java.io.IOException: Can not lock the registry cache file C:\Users\CliveLyn\.dubbo\dubbo-registry-192.168.25.167.cache, ignore and retry later, maybe multi java process use the file, please config: dubbo.registry.file=xxx.properties
	at com.alibaba.dubbo.registry.support.AbstractRegistry.doSaveProperties(AbstractRegistry.java:193)
	at com.alibaba.dubbo.registry.support.AbstractRegistry$SaveProperties.run(AbstractRegistry.java:150)
	at java.util.concurrent.ThreadPoolExecutor.runWorker(ThreadPoolExecutor.java:1142)
	at java.util.concurrent.ThreadPoolExecutor$Worker.run(ThreadPoolExecutor.java:617)
	at java.lang.Thread.run(Thread.java:745)


[WARN ] 2018-07-10 11:28:56,567 method:com.alibaba.dubbo.registry.support.AbstractRegistry.doSaveProperties(AbstractRegistry.java:221)
 [DUBBO] Failed to save registry store file, cause: Can not lock the registry cache file C:\Users\CliveLyn\.dubbo\dubbo-registry-192.168.25.167.cache, ignore and retry later, maybe multi java process use the file, please config: dubbo.registry.file=xxx.properties, dubbo version: 2.5.3, current host: 10.25.193.20
java.io.IOException: Can not lock the registry cache file C:\Users\CliveLyn\.dubbo\dubbo-registry-192.168.25.167.cache, ignore and retry later, maybe multi java process use the file, please config: dubbo.registry.file=xxx.properties
	at com.alibaba.dubbo.registry.support.AbstractRegistry.doSaveProperties(AbstractRegistry.java:193)
	at com.alibaba.dubbo.registry.support.AbstractRegistry$SaveProperties.run(AbstractRegistry.java:150)
	at java.util.concurrent.ThreadPoolExecutor.runWorker(ThreadPoolExecutor.java:1142)
	at java.util.concurrent.ThreadPoolExecutor$Worker.run(ThreadPoolExecutor.java:617)
	at java.lang.Thread.run(Thread.java:745)


[WARN ] 2018-07-10 11:28:56,569 method:com.alibaba.dubbo.registry.support.AbstractRegistry.doSaveProperties(AbstractRegistry.java:221)
 [DUBBO] Failed to save registry store file, cause: Can not lock the registry cache file C:\Users\CliveLyn\.dubbo\dubbo-registry-192.168.25.167.cache, ignore and retry later, maybe multi java process use the file, please config: dubbo.registry.file=xxx.properties, dubbo version: 2.5.3, current host: 10.25.193.20
java.io.IOException: Can not lock the registry cache file C:\Users\CliveLyn\.dubbo\dubbo-registry-192.168.25.167.cache, ignore and retry later, maybe multi java process use the file, please config: dubbo.registry.file=xxx.properties
	at com.alibaba.dubbo.registry.support.AbstractRegistry.doSaveProperties(AbstractRegistry.java:193)
	at com.alibaba.dubbo.registry.support.AbstractRegistry$SaveProperties.run(AbstractRegistry.java:150)
	at java.util.concurrent.ThreadPoolExecutor.runWorker(ThreadPoolExecutor.java:1142)
	at java.util.concurrent.ThreadPoolExecutor$Worker.run(ThreadPoolExecutor.java:617)
	at java.lang.Thread.run(Thread.java:745)


[WARN ] 2018-07-10 11:28:56,570 method:com.alibaba.dubbo.registry.support.AbstractRegistry.doSaveProperties(AbstractRegistry.java:221)
 [DUBBO] Failed to save registry store file, cause: Can not lock the registry cache file C:\Users\CliveLyn\.dubbo\dubbo-registry-192.168.25.167.cache, ignore and retry later, maybe multi java process use the file, please config: dubbo.registry.file=xxx.properties, dubbo version: 2.5.3, current host: 10.25.193.20
java.io.IOException: Can not lock the registry cache file C:\Users\CliveLyn\.dubbo\dubbo-registry-192.168.25.167.cache, ignore and retry later, maybe multi java process use the file, please config: dubbo.registry.file=xxx.properties
	at com.alibaba.dubbo.registry.support.AbstractRegistry.doSaveProperties(AbstractRegistry.java:193)
	at com.alibaba.dubbo.registry.support.AbstractRegistry$SaveProperties.run(AbstractRegistry.java:150)
	at java.util.concurrent.ThreadPoolExecutor.runWorker(ThreadPoolExecutor.java:1142)
	at java.util.concurrent.ThreadPoolExecutor$Worker.run(ThreadPoolExecutor.java:617)
	at java.lang.Thread.run(Thread.java:745)


[WARN ] 2018-07-10 11:28:56,572 method:com.alibaba.dubbo.registry.support.AbstractRegistry.doSaveProperties(AbstractRegistry.java:221)
 [DUBBO] Failed to save registry store file, cause: Can not lock the registry cache file C:\Users\CliveLyn\.dubbo\dubbo-registry-192.168.25.167.cache, ignore and retry later, maybe multi java process use the file, please config: dubbo.registry.file=xxx.properties, dubbo version: 2.5.3, current host: 10.25.193.20
java.io.IOException: Can not lock the registry cache file C:\Users\CliveLyn\.dubbo\dubbo-registry-192.168.25.167.cache, ignore and retry later, maybe multi java process use the file, please config: dubbo.registry.file=xxx.properties
	at com.alibaba.dubbo.registry.support.AbstractRegistry.doSaveProperties(AbstractRegistry.java:193)
	at com.alibaba.dubbo.registry.support.AbstractRegistry$SaveProperties.run(AbstractRegistry.java:150)
	at java.util.concurrent.ThreadPoolExecutor.runWorker(ThreadPoolExecutor.java:1142)
	at java.util.concurrent.ThreadPoolExecutor$Worker.run(ThreadPoolExecutor.java:617)
	at java.lang.Thread.run(Thread.java:745)


[INFO ] 2018-07-10 11:30:31,932 method:org.springframework.web.servlet.FrameworkServlet.initServletBean(FrameworkServlet.java:489)
FrameworkServlet 'taotao-search-web': initialization started


[INFO ] 2018-07-10 11:30:31,979 method:org.springframework.context.support.AbstractApplicationContext.prepareRefresh(AbstractApplicationContext.java:578)
Refreshing WebApplicationContext for namespace 'taotao-search-web-servlet': startup date [Tue Jul 10 11:30:31 CST 2018]; root of context hierarchy


[INFO ] 2018-07-10 11:30:32,046 method:org.springframework.beans.factory.xml.XmlBeanDefinitionReader.loadBeanDefinitions(XmlBeanDefinitionReader.java:317)
Loading XML bean definitions from class path resource [Springmvc.xml]


[INFO ] 2018-07-10 11:30:32,664 method:
using logger: com.alibaba.dubbo.common.logger.log4j.Log4jLoggerAdapter


[INFO ] 2018-07-10 11:30:32,932 method:org.springframework.core.io.support.PropertiesLoaderSupport.loadProperties(PropertiesLoaderSupport.java:172)
Loading properties file from file [E:\taotao\taotao-search-web\target\classes\log4j.properties]


[INFO ] 2018-07-10 11:30:32,933 method:org.springframework.core.io.support.PropertiesLoaderSupport.loadProperties(PropertiesLoaderSupport.java:172)
Loading properties file from file [E:\taotao\taotao-search-web\target\classes\resource.properties]


[INFO ] 2018-07-10 11:30:32,951 method:org.springframework.beans.factory.annotation.AutowiredAnnotationBeanPostProcessor.<init>(AutowiredAnnotationBeanPostProcessor.java:153)
JSR-330 'javax.inject.Inject' annotation found and supported for autowiring


[INFO ] 2018-07-10 11:30:33,919 method:com.alibaba.dubbo.registry.support.AbstractRegistry.loadProperties(AbstractRegistry.java:232)
 [DUBBO] Load registry store file C:\Users\CliveLyn\.dubbo\dubbo-registry-192.168.25.167.cache, data: {com.taotao.content.service.ContentCategoryService=empty://10.25.193.20:20881/com.taotao.content.service.ContentCategoryService?anyhost=true&application=taotao-content&category=configurators&check=false&dubbo=2.5.3&interface=com.taotao.content.service.ContentCategoryService&methods=addContentCategory,getContentCategoryList&pid=9504&revision=0.0.1-SNAPSHOT&side=provider&timeout=30000&timestamp=1531193393215, com.taotao.service.PictureService=empty://10.25.193.20:20880/com.taotao.service.PictureService?anyhost=true&application=taotao-manager&category=configurators&check=false&dubbo=2.5.3&interface=com.taotao.service.PictureService&methods=uploadFile&pid=15356&revision=0.0.1-SNAPSHOT&side=provider&timeout=30000&timestamp=1531190871029, com.taotao.search.service.SearchService=empty://10.25.193.20/com.taotao.search.service.SearchService?application=taotao-search-web&category=configurators&dubbo=2.5.3&interface=com.taotao.search.service.SearchService&methods=search&pid=16128&revision=0.0.1-SNAPSHOT&side=consumer&timestamp=1531193329461 empty://10.25.193.20/com.taotao.search.service.SearchService?application=taotao-search-web&category=routers&dubbo=2.5.3&interface=com.taotao.search.service.SearchService&methods=search&pid=16128&revision=0.0.1-SNAPSHOT&side=consumer&timestamp=1531193329461 dubbo://10.25.193.20:20882/com.taotao.search.service.SearchService?anyhost=true&application=taotao-search&dubbo=2.5.3&interface=com.taotao.search.service.SearchService&methods=search&pid=10256&revision=0.0.1-SNAPSHOT&side=provider&timeout=30000&timestamp=1531193281309, com.taotao.service.ItemCatService=empty://10.25.193.20:20880/com.taotao.service.ItemCatService?anyhost=true&application=taotao-manager&category=configurators&check=false&dubbo=2.5.3&interface=com.taotao.service.ItemCatService&methods=getCatList&pid=15356&revision=0.0.1-SNAPSHOT&side=provider&timeout=30000&timestamp=1531190870860, com.taotao.content.service.ContentService=empty://10.25.193.20/com.taotao.content.service.ContentService?application=taotao-portal-web&category=configurators&dubbo=2.5.3&interface=com.taotao.content.service.ContentService&methods=getContentList,addContent,findContentAll&pid=17004&revision=0.0.1-SNAPSHOT&side=consumer&timeout=30000&timestamp=1531193425531 empty://10.25.193.20/com.taotao.content.service.ContentService?application=taotao-portal-web&category=routers&dubbo=2.5.3&interface=com.taotao.content.service.ContentService&methods=getContentList,addContent,findContentAll&pid=17004&revision=0.0.1-SNAPSHOT&side=consumer&timeout=30000&timestamp=1531193425531 dubbo://10.25.193.20:20881/com.taotao.content.service.ContentService?anyhost=true&application=taotao-content&dubbo=2.5.3&interface=com.taotao.content.service.ContentService&methods=getContentList,findContentAll,addContent&pid=9504&revision=0.0.1-SNAPSHOT&side=provider&timeout=30000&timestamp=1531193394126, com.taotao.service.ItemService=empty://10.25.193.20/com.taotao.service.ItemService?application=taotao-portal-web&category=configurators&dubbo=2.5.3&interface=com.taotao.service.ItemService&methods=addItem,getItemList,getItemById,getItemDescById&pid=12976&revision=0.0.1-SNAPSHOT&side=consumer&timeout=30000&timestamp=1531191032489 empty://10.25.193.20/com.taotao.service.ItemService?application=taotao-portal-web&category=routers&dubbo=2.5.3&interface=com.taotao.service.ItemService&methods=addItem,getItemList,getItemById,getItemDescById&pid=12976&revision=0.0.1-SNAPSHOT&side=consumer&timeout=30000&timestamp=1531191032489 dubbo://10.25.193.20:20880/com.taotao.service.ItemService?anyhost=true&application=taotao-manager&dubbo=2.5.3&interface=com.taotao.service.ItemService&methods=addItem,getItemList,getItemById,getItemDescById&pid=15356&revision=0.0.1-SNAPSHOT&side=provider&timeout=30000&timestamp=1531190869846, com.taotao.search.service.SearchItemService=empty://10.25.193.20:20882/com.taotao.search.service.SearchItemService?anyhost=true&application=taotao-search&category=configurators&check=false&dubbo=2.5.3&interface=com.taotao.search.service.SearchItemService&methods=addDocument,importAllItems&pid=10256&revision=0.0.1-SNAPSHOT&side=provider&timeout=30000&timestamp=1531193279621}, dubbo version: 2.5.3, current host: 127.0.0.1


[INFO ] 2018-07-10 11:30:34,011 method:org.I0Itec.zkclient.ZkEventThread.run(ZkEventThread.java:64)
Starting ZkClient event thread.


[INFO ] 2018-07-10 11:30:34,301 method:org.apache.zookeeper.Environment.logEnv(Environment.java:100)
Client environment:zookeeper.version=3.4.7-1713338, built on 11/09/2015 04:32 GMT


[INFO ] 2018-07-10 11:30:34,303 method:org.apache.zookeeper.Environment.logEnv(Environment.java:100)
Client environment:host.name=CliveLyn-PC


[INFO ] 2018-07-10 11:30:34,303 method:org.apache.zookeeper.Environment.logEnv(Environment.java:100)
Client environment:java.version=1.8.0_121


[INFO ] 2018-07-10 11:30:34,304 method:org.apache.zookeeper.Environment.logEnv(Environment.java:100)
Client environment:java.vendor=Oracle Corporation


[INFO ] 2018-07-10 11:30:34,304 method:org.apache.zookeeper.Environment.logEnv(Environment.java:100)
Client environment:java.home=C:\Program Files\Java\jdk1.8.0_121\jre


[INFO ] 2018-07-10 11:30:34,304 method:org.apache.zookeeper.Environment.logEnv(Environment.java:100)
Client environment:java.class.path=E:\IntelliJ\plugins\maven\lib\maven3\boot\plexus-classworlds-2.5.2.jar;E:\IntelliJ\lib\idea_rt.jar


[INFO ] 2018-07-10 11:30:34,305 method:org.apache.zookeeper.Environment.logEnv(Environment.java:100)
Client environment:java.library.path=C:\Program Files\Java\jdk1.8.0_121\bin;C:\Windows\Sun\Java\bin;C:\Windows\system32;C:\Windows;F:\app\CliveLyn\product\11.2.0\dbhome_1\bin;E:\app\clive\product\12.2.0\dbhome_1\bin;C:\ProgramData\Oracle\Java\javapath;C:\Windows\system32;C:\Windows;C:\Windows\System32\Wbem;C:\Windows\System32\WindowsPowerShell\v1.0\;C:\Program Files\Java\jdk1.8.0_121\bin;C:\Program Files\Java\jdk1.8.0_121\jre\bin;C:\Program Files\MySQL\MySQL Server 5.6\bin;E:\android-sdk-windows\platform-tools;E:\apache-maven-3.0.5\bin;C:\Program Files\Apache24\bin;C:\Python27;C:\Program Files (x86)\VanDyke Software\Clients\;E:\Program Files\SlikSvn\bin;C:\Program Files\TortoiseSVN\bin;E:\Program Files\TortoiseGit\bin;C:\Program Files (x86)\GtkSharp\2.12\bin;E:\apache-tomcat-6.0.45\lib;E:\apache-tomcat-6.0.45\bin;C:\Program Files\Git\cmd;E:\apache-tomcat-6.0.45\lib;E:\apache-tomcat-6.0.45\bin;C:\Program Files (x86)\VanDyke Software\Clients\;.


[INFO ] 2018-07-10 11:30:34,305 method:org.apache.zookeeper.Environment.logEnv(Environment.java:100)
Client environment:java.io.tmpdir=C:\Users\CliveLyn\AppData\Local\Temp\


[INFO ] 2018-07-10 11:30:34,306 method:org.apache.zookeeper.Environment.logEnv(Environment.java:100)
Client environment:java.compiler=<NA>


[INFO ] 2018-07-10 11:30:34,307 method:org.apache.zookeeper.Environment.logEnv(Environment.java:100)
Client environment:os.name=Windows 7


[INFO ] 2018-07-10 11:30:34,307 method:org.apache.zookeeper.Environment.logEnv(Environment.java:100)
Client environment:os.arch=amd64


[INFO ] 2018-07-10 11:30:34,308 method:org.apache.zookeeper.Environment.logEnv(Environment.java:100)
Client environment:os.version=6.1


[INFO ] 2018-07-10 11:30:34,308 method:org.apache.zookeeper.Environment.logEnv(Environment.java:100)
Client environment:user.name=CliveLyn


[INFO ] 2018-07-10 11:30:34,308 method:org.apache.zookeeper.Environment.logEnv(Environment.java:100)
Client environment:user.home=C:\Users\CliveLyn


[INFO ] 2018-07-10 11:30:34,309 method:org.apache.zookeeper.Environment.logEnv(Environment.java:100)
Client environment:user.dir=E:\taotao\taotao-search-web


[INFO ] 2018-07-10 11:30:34,310 method:org.apache.zookeeper.ZooKeeper.<init>(ZooKeeper.java:438)
Initiating client connection, connectString=192.168.25.167:2181 sessionTimeout=30000 watcher=org.I0Itec.zkclient.ZkClient@24b0ea16


[INFO ] 2018-07-10 11:30:34,368 method:org.apache.zookeeper.ClientCnxn$SendThread.logStartConnect(ClientCnxn.java:1032)
Opening socket connection to server 192.168.25.167/192.168.25.167:2181. Will not attempt to authenticate using SASL (unknown error)


[INFO ] 2018-07-10 11:30:34,374 method:org.apache.zookeeper.ClientCnxn$SendThread.primeConnection(ClientCnxn.java:876)
Socket connection established to 192.168.25.167/192.168.25.167:2181, initiating session


[INFO ] 2018-07-10 11:30:34,392 method:org.apache.zookeeper.ClientCnxn$SendThread.onConnected(ClientCnxn.java:1299)
Session establishment complete on server 192.168.25.167/192.168.25.167:2181, sessionid = 0x16483f1c0b90008, negotiated timeout = 30000


[INFO ] 2018-07-10 11:30:34,412 method:org.I0Itec.zkclient.ZkClient.processStateChanged(ZkClient.java:449)
zookeeper state changed (SyncConnected)


[INFO ] 2018-07-10 11:30:34,469 method:com.alibaba.dubbo.registry.support.AbstractRegistry.register(AbstractRegistry.java:302)
 [DUBBO] Register: consumer://10.25.193.20/com.taotao.search.service.SearchService?application=taotao-search-web&category=consumers&check=false&dubbo=2.5.3&interface=com.taotao.search.service.SearchService&methods=search&pid=14632&revision=0.0.1-SNAPSHOT&side=consumer&timestamp=1531193433479, dubbo version: 2.5.3, current host: 10.25.193.20


[INFO ] 2018-07-10 11:30:34,582 method:com.alibaba.dubbo.registry.support.AbstractRegistry.subscribe(AbstractRegistry.java:325)
 [DUBBO] Subscribe: consumer://10.25.193.20/com.taotao.search.service.SearchService?application=taotao-search-web&category=providers,configurators,routers&dubbo=2.5.3&interface=com.taotao.search.service.SearchService&methods=search&pid=14632&revision=0.0.1-SNAPSHOT&side=consumer&timestamp=1531193433479, dubbo version: 2.5.3, current host: 10.25.193.20


[INFO ] 2018-07-10 11:30:35,001 method:com.alibaba.dubbo.registry.support.AbstractRegistry.notify(AbstractRegistry.java:422)
 [DUBBO] Notify urls for subscribe url consumer://10.25.193.20/com.taotao.search.service.SearchService?application=taotao-search-web&category=providers,configurators,routers&dubbo=2.5.3&interface=com.taotao.search.service.SearchService&methods=search&pid=14632&revision=0.0.1-SNAPSHOT&side=consumer&timestamp=1531193433479, urls: [dubbo://10.25.193.20:20882/com.taotao.search.service.SearchService?anyhost=true&application=taotao-search&dubbo=2.5.3&interface=com.taotao.search.service.SearchService&methods=search&pid=10256&revision=0.0.1-SNAPSHOT&side=provider&timeout=30000&timestamp=1531193281309, empty://10.25.193.20/com.taotao.search.service.SearchService?application=taotao-search-web&category=configurators&dubbo=2.5.3&interface=com.taotao.search.service.SearchService&methods=search&pid=14632&revision=0.0.1-SNAPSHOT&side=consumer&timestamp=1531193433479, empty://10.25.193.20/com.taotao.search.service.SearchService?application=taotao-search-web&category=routers&dubbo=2.5.3&interface=com.taotao.search.service.SearchService&methods=search&pid=14632&revision=0.0.1-SNAPSHOT&side=consumer&timestamp=1531193433479], dubbo version: 2.5.3, current host: 10.25.193.20


[INFO ] 2018-07-10 11:30:35,457 method:com.alibaba.dubbo.remoting.transport.AbstractClient.connect(AbstractClient.java:287)
 [DUBBO] Successed connect to server /10.25.193.20:20882 from NettyClient 10.25.193.20 using dubbo version 2.5.3, channel is NettyChannel [channel=[id: 0x97923071, /10.25.193.20:53736 => /10.25.193.20:20882]], dubbo version: 2.5.3, current host: 10.25.193.20


[INFO ] 2018-07-10 11:30:35,458 method:com.alibaba.dubbo.remoting.transport.AbstractClient.<init>(AbstractClient.java:105)
 [DUBBO] Start NettyClient CliveLyn-PC/10.25.193.20 connect to the server /10.25.193.20:20882, dubbo version: 2.5.3, current host: 10.25.193.20


[INFO ] 2018-07-10 11:30:35,598 method:com.alibaba.dubbo.config.ReferenceConfig.createProxy(ReferenceConfig.java:423)
 [DUBBO] Refer dubbo service com.taotao.search.service.SearchService from url zookeeper://192.168.25.167:2181/com.alibaba.dubbo.registry.RegistryService?anyhost=true&application=taotao-search-web&check=false&dubbo=2.5.3&interface=com.taotao.search.service.SearchService&methods=search&pid=14632&revision=0.0.1-SNAPSHOT&side=consumer&timeout=30000&timestamp=1531193433479, dubbo version: 2.5.3, current host: 10.25.193.20


[INFO ] 2018-07-10 11:30:36,198 method:org.springframework.web.servlet.handler.AbstractHandlerMethodMapping$MappingRegistry.register(AbstractHandlerMethodMapping.java:527)
Mapped "{[/search]}" onto public java.lang.String com.taotao.search.controller.SearchController.search(java.lang.String,java.lang.Integer,org.springframework.ui.Model)


[INFO ] 2018-07-10 11:30:40,821 method:org.springframework.web.servlet.mvc.method.annotation.RequestMappingHandlerAdapter.initControllerAdviceCache(RequestMappingHandlerAdapter.java:532)
Looking for @ControllerAdvice: WebApplicationContext for namespace 'taotao-search-web-servlet': startup date [Tue Jul 10 11:30:31 CST 2018]; root of context hierarchy


[INFO ] 2018-07-10 11:30:40,901 method:org.springframework.web.servlet.mvc.method.annotation.RequestMappingHandlerAdapter.initControllerAdviceCache(RequestMappingHandlerAdapter.java:532)
Looking for @ControllerAdvice: WebApplicationContext for namespace 'taotao-search-web-servlet': startup date [Tue Jul 10 11:30:31 CST 2018]; root of context hierarchy


[INFO ] 2018-07-10 11:30:41,165 method:org.springframework.web.servlet.FrameworkServlet.initServletBean(FrameworkServlet.java:508)
FrameworkServlet 'taotao-search-web': initialization completed in 9226 ms


[INFO ] 2018-07-11 15:36:13,612 method:org.springframework.web.servlet.FrameworkServlet.initServletBean(FrameworkServlet.java:489)
FrameworkServlet 'taotao-search-web': initialization started


[INFO ] 2018-07-11 15:36:13,643 method:org.springframework.context.support.AbstractApplicationContext.prepareRefresh(AbstractApplicationContext.java:578)
Refreshing WebApplicationContext for namespace 'taotao-search-web-servlet': startup date [Wed Jul 11 15:36:13 CST 2018]; root of context hierarchy


[INFO ] 2018-07-11 15:36:13,716 method:org.springframework.beans.factory.xml.XmlBeanDefinitionReader.loadBeanDefinitions(XmlBeanDefinitionReader.java:317)
Loading XML bean definitions from class path resource [Springmvc.xml]


[INFO ] 2018-07-11 15:36:14,213 method:
using logger: com.alibaba.dubbo.common.logger.log4j.Log4jLoggerAdapter


[INFO ] 2018-07-11 15:36:14,401 method:org.springframework.core.io.support.PropertiesLoaderSupport.loadProperties(PropertiesLoaderSupport.java:172)
Loading properties file from file [E:\taotao\taotao-search-web\target\classes\log4j.properties]


[INFO ] 2018-07-11 15:36:14,402 method:org.springframework.core.io.support.PropertiesLoaderSupport.loadProperties(PropertiesLoaderSupport.java:172)
Loading properties file from file [E:\taotao\taotao-search-web\target\classes\resource.properties]


[INFO ] 2018-07-11 15:36:14,411 method:org.springframework.beans.factory.annotation.AutowiredAnnotationBeanPostProcessor.<init>(AutowiredAnnotationBeanPostProcessor.java:153)
JSR-330 'javax.inject.Inject' annotation found and supported for autowiring


[INFO ] 2018-07-11 15:36:15,028 method:com.alibaba.dubbo.registry.support.AbstractRegistry.loadProperties(AbstractRegistry.java:232)
 [DUBBO] Load registry store file C:\Users\CliveLyn\.dubbo\dubbo-registry-192.168.25.167.cache, data: {com.taotao.service.PictureService=empty://10.25.193.20:20880/com.taotao.service.PictureService?anyhost=true&application=taotao-manager&category=configurators&check=false&dubbo=2.5.3&interface=com.taotao.service.PictureService&methods=uploadFile&pid=5352&revision=0.0.1-SNAPSHOT&side=provider&timeout=30000&timestamp=1531294420638, com.taotao.content.service.ContentCategoryService=empty://10.25.193.20/com.taotao.content.service.ContentCategoryService?application=taotao-manager-web&category=configurators&dubbo=2.5.3&interface=com.taotao.content.service.ContentCategoryService&methods=addContentCategory,getContentCategoryList&pid=23356&revision=0.0.1-SNAPSHOT&side=consumer&timestamp=1531292733957 empty://10.25.193.20/com.taotao.content.service.ContentCategoryService?application=taotao-manager-web&category=routers&dubbo=2.5.3&interface=com.taotao.content.service.ContentCategoryService&methods=addContentCategory,getContentCategoryList&pid=23356&revision=0.0.1-SNAPSHOT&side=consumer&timestamp=1531292733957 dubbo://10.25.193.20:20881/com.taotao.content.service.ContentCategoryService?anyhost=true&application=taotao-content&dubbo=2.5.3&interface=com.taotao.content.service.ContentCategoryService&methods=addContentCategory,getContentCategoryList&pid=11300&revision=0.0.1-SNAPSHOT&side=provider&timeout=30000&timestamp=1531289609935, com.taotao.search.service.SearchService=empty://10.25.193.20:20882/com.taotao.search.service.SearchService?anyhost=true&application=taotao-search&category=configurators&check=false&dubbo=2.5.3&interface=com.taotao.search.service.SearchService&methods=search&pid=13412&revision=0.0.1-SNAPSHOT&side=provider&timeout=30000&timestamp=1531294516265, com.taotao.service.ItemCatService=empty://10.25.193.20:20880/com.taotao.service.ItemCatService?anyhost=true&application=taotao-manager&category=configurators&check=false&dubbo=2.5.3&interface=com.taotao.service.ItemCatService&methods=getCatList&pid=5352&revision=0.0.1-SNAPSHOT&side=provider&timeout=30000&timestamp=1531294420545, com.taotao.service.ItemService=empty://10.25.193.20:20880/com.taotao.service.ItemService?anyhost=true&application=taotao-manager&category=configurators&check=false&dubbo=2.5.3&interface=com.taotao.service.ItemService&methods=addItem,getItemList,getItemById,getItemParamItemByItemId,getItemDescById&pid=5352&revision=0.0.1-SNAPSHOT&side=provider&timeout=30000&timestamp=1531294419474, com.taotao.content.service.ContentService=empty://10.25.193.20/com.taotao.content.service.ContentService?application=taotao-manager-web&category=configurators&dubbo=2.5.3&interface=com.taotao.content.service.ContentService&methods=getContentList,addContent,findContentAll&pid=23356&revision=0.0.1-SNAPSHOT&side=consumer&timestamp=1531292735381 empty://10.25.193.20/com.taotao.content.service.ContentService?application=taotao-manager-web&category=routers&dubbo=2.5.3&interface=com.taotao.content.service.ContentService&methods=getContentList,addContent,findContentAll&pid=23356&revision=0.0.1-SNAPSHOT&side=consumer&timestamp=1531292735381 dubbo://10.25.193.20:20881/com.taotao.content.service.ContentService?anyhost=true&application=taotao-content&dubbo=2.5.3&interface=com.taotao.content.service.ContentService&methods=getContentList,findContentAll,addContent&pid=11300&revision=0.0.1-SNAPSHOT&side=provider&timeout=30000&timestamp=1531289612218, com.taotao.search.service.SearchItemService=empty://10.25.193.20:20882/com.taotao.search.service.SearchItemService?anyhost=true&application=taotao-search&category=configurators&check=false&dubbo=2.5.3&interface=com.taotao.search.service.SearchItemService&methods=addDocument,importAllItems&pid=13412&revision=0.0.1-SNAPSHOT&side=provider&timeout=30000&timestamp=1531294515264, com.taotao.service.ItemParamService=empty://10.25.193.20:20880/com.taotao.service.ItemParamService?anyhost=true&application=taotao-manager&category=configurators&check=false&dubbo=2.5.3&interface=com.taotao.service.ItemParamService&methods=getItemParamByCid,addItemParam&pid=5352&revision=0.0.1-SNAPSHOT&side=provider&timeout=30000&timestamp=1531294420739}, dubbo version: 2.5.3, current host: 127.0.0.1


[INFO ] 2018-07-11 15:36:15,074 method:org.I0Itec.zkclient.ZkEventThread.run(ZkEventThread.java:64)
Starting ZkClient event thread.


[INFO ] 2018-07-11 15:36:15,077 method:org.apache.zookeeper.Environment.logEnv(Environment.java:100)
Client environment:zookeeper.version=3.4.7-1713338, built on 11/09/2015 04:32 GMT


[INFO ] 2018-07-11 15:36:15,078 method:org.apache.zookeeper.Environment.logEnv(Environment.java:100)
Client environment:host.name=CliveLyn-PC


[INFO ] 2018-07-11 15:36:15,078 method:org.apache.zookeeper.Environment.logEnv(Environment.java:100)
Client environment:java.version=1.8.0_121


[INFO ] 2018-07-11 15:36:15,079 method:org.apache.zookeeper.Environment.logEnv(Environment.java:100)
Client environment:java.vendor=Oracle Corporation


[INFO ] 2018-07-11 15:36:15,079 method:org.apache.zookeeper.Environment.logEnv(Environment.java:100)
Client environment:java.home=C:\Program Files\Java\jdk1.8.0_121\jre


[INFO ] 2018-07-11 15:36:15,080 method:org.apache.zookeeper.Environment.logEnv(Environment.java:100)
Client environment:java.class.path=E:\IntelliJ\plugins\maven\lib\maven3\boot\plexus-classworlds-2.5.2.jar;E:\IntelliJ\lib\idea_rt.jar


[INFO ] 2018-07-11 15:36:15,081 method:org.apache.zookeeper.Environment.logEnv(Environment.java:100)
Client environment:java.library.path=C:\Program Files\Java\jdk1.8.0_121\bin;C:\Windows\Sun\Java\bin;C:\Windows\system32;C:\Windows;F:\app\CliveLyn\product\11.2.0\dbhome_1\bin;E:\app\clive\product\12.2.0\dbhome_1\bin;C:\ProgramData\Oracle\Java\javapath;C:\Windows\system32;C:\Windows;C:\Windows\System32\Wbem;C:\Windows\System32\WindowsPowerShell\v1.0\;C:\Program Files\Java\jdk1.8.0_121\bin;C:\Program Files\Java\jdk1.8.0_121\jre\bin;C:\Program Files\MySQL\MySQL Server 5.6\bin;E:\android-sdk-windows\platform-tools;E:\apache-maven-3.0.5\bin;C:\Program Files\Apache24\bin;C:\Python27;C:\Program Files (x86)\VanDyke Software\Clients\;E:\Program Files\SlikSvn\bin;C:\Program Files\TortoiseSVN\bin;E:\Program Files\TortoiseGit\bin;C:\Program Files (x86)\GtkSharp\2.12\bin;E:\apache-tomcat-6.0.45\lib;E:\apache-tomcat-6.0.45\bin;C:\Program Files\Git\cmd;E:\apache-tomcat-6.0.45\lib;E:\apache-tomcat-6.0.45\bin;C:\Program Files (x86)\VanDyke Software\Clients\;.


[INFO ] 2018-07-11 15:36:15,082 method:org.apache.zookeeper.Environment.logEnv(Environment.java:100)
Client environment:java.io.tmpdir=C:\Users\CliveLyn\AppData\Local\Temp\


[INFO ] 2018-07-11 15:36:15,084 method:org.apache.zookeeper.Environment.logEnv(Environment.java:100)
Client environment:java.compiler=<NA>


[INFO ] 2018-07-11 15:36:15,084 method:org.apache.zookeeper.Environment.logEnv(Environment.java:100)
Client environment:os.name=Windows 7


[INFO ] 2018-07-11 15:36:15,085 method:org.apache.zookeeper.Environment.logEnv(Environment.java:100)
Client environment:os.arch=amd64


[INFO ] 2018-07-11 15:36:15,085 method:org.apache.zookeeper.Environment.logEnv(Environment.java:100)
Client environment:os.version=6.1


[INFO ] 2018-07-11 15:36:15,085 method:org.apache.zookeeper.Environment.logEnv(Environment.java:100)
Client environment:user.name=CliveLyn


[INFO ] 2018-07-11 15:36:15,086 method:org.apache.zookeeper.Environment.logEnv(Environment.java:100)
Client environment:user.home=C:\Users\CliveLyn


[INFO ] 2018-07-11 15:36:15,087 method:org.apache.zookeeper.Environment.logEnv(Environment.java:100)
Client environment:user.dir=E:\taotao\taotao-search-web


[INFO ] 2018-07-11 15:36:15,088 method:org.apache.zookeeper.ZooKeeper.<init>(ZooKeeper.java:438)
Initiating client connection, connectString=192.168.25.167:2181 sessionTimeout=30000 watcher=org.I0Itec.zkclient.ZkClient@4aa553cc


[INFO ] 2018-07-11 15:36:15,143 method:org.apache.zookeeper.ClientCnxn$SendThread.logStartConnect(ClientCnxn.java:1032)
Opening socket connection to server 192.168.25.167/192.168.25.167:2181. Will not attempt to authenticate using SASL (unknown error)


[INFO ] 2018-07-11 15:36:15,168 method:org.apache.zookeeper.ClientCnxn$SendThread.primeConnection(ClientCnxn.java:876)
Socket connection established to 192.168.25.167/192.168.25.167:2181, initiating session


[INFO ] 2018-07-11 15:36:15,234 method:org.apache.zookeeper.ClientCnxn$SendThread.onConnected(ClientCnxn.java:1299)
Session establishment complete on server 192.168.25.167/192.168.25.167:2181, sessionid = 0x16488b8eedb0020, negotiated timeout = 30000


[INFO ] 2018-07-11 15:36:15,238 method:org.I0Itec.zkclient.ZkClient.processStateChanged(ZkClient.java:449)
zookeeper state changed (SyncConnected)


[INFO ] 2018-07-11 15:36:15,285 method:com.alibaba.dubbo.registry.support.AbstractRegistry.register(AbstractRegistry.java:302)
 [DUBBO] Register: consumer://10.25.193.20/com.taotao.search.service.SearchService?application=taotao-search-web&category=consumers&check=false&dubbo=2.5.3&interface=com.taotao.search.service.SearchService&methods=search&pid=22060&revision=0.0.1-SNAPSHOT&side=consumer&timestamp=1531294574897, dubbo version: 2.5.3, current host: 10.25.193.20


[INFO ] 2018-07-11 15:36:15,480 method:com.alibaba.dubbo.registry.support.AbstractRegistry.subscribe(AbstractRegistry.java:325)
 [DUBBO] Subscribe: consumer://10.25.193.20/com.taotao.search.service.SearchService?application=taotao-search-web&category=providers,configurators,routers&dubbo=2.5.3&interface=com.taotao.search.service.SearchService&methods=search&pid=22060&revision=0.0.1-SNAPSHOT&side=consumer&timestamp=1531294574897, dubbo version: 2.5.3, current host: 10.25.193.20


[INFO ] 2018-07-11 15:36:15,603 method:com.alibaba.dubbo.registry.support.AbstractRegistry.notify(AbstractRegistry.java:422)
 [DUBBO] Notify urls for subscribe url consumer://10.25.193.20/com.taotao.search.service.SearchService?application=taotao-search-web&category=providers,configurators,routers&dubbo=2.5.3&interface=com.taotao.search.service.SearchService&methods=search&pid=22060&revision=0.0.1-SNAPSHOT&side=consumer&timestamp=1531294574897, urls: [dubbo://10.25.193.20:20882/com.taotao.search.service.SearchService?anyhost=true&application=taotao-search&dubbo=2.5.3&interface=com.taotao.search.service.SearchService&methods=search&pid=13412&revision=0.0.1-SNAPSHOT&side=provider&timeout=30000&timestamp=1531294516265, empty://10.25.193.20/com.taotao.search.service.SearchService?application=taotao-search-web&category=configurators&dubbo=2.5.3&interface=com.taotao.search.service.SearchService&methods=search&pid=22060&revision=0.0.1-SNAPSHOT&side=consumer&timestamp=1531294574897, empty://10.25.193.20/com.taotao.search.service.SearchService?application=taotao-search-web&category=routers&dubbo=2.5.3&interface=com.taotao.search.service.SearchService&methods=search&pid=22060&revision=0.0.1-SNAPSHOT&side=consumer&timestamp=1531294574897], dubbo version: 2.5.3, current host: 10.25.193.20


[INFO ] 2018-07-11 15:36:15,897 method:com.alibaba.dubbo.remoting.transport.AbstractClient.connect(AbstractClient.java:287)
 [DUBBO] Successed connect to server /10.25.193.20:20882 from NettyClient 10.25.193.20 using dubbo version 2.5.3, channel is NettyChannel [channel=[id: 0xa1441882, /10.25.193.20:60353 => /10.25.193.20:20882]], dubbo version: 2.5.3, current host: 10.25.193.20


[INFO ] 2018-07-11 15:36:15,897 method:com.alibaba.dubbo.remoting.transport.AbstractClient.<init>(AbstractClient.java:105)
 [DUBBO] Start NettyClient CliveLyn-PC/10.25.193.20 connect to the server /10.25.193.20:20882, dubbo version: 2.5.3, current host: 10.25.193.20


[INFO ] 2018-07-11 15:36:16,014 method:com.alibaba.dubbo.config.ReferenceConfig.createProxy(ReferenceConfig.java:423)
 [DUBBO] Refer dubbo service com.taotao.search.service.SearchService from url zookeeper://192.168.25.167:2181/com.alibaba.dubbo.registry.RegistryService?anyhost=true&application=taotao-search-web&check=false&dubbo=2.5.3&interface=com.taotao.search.service.SearchService&methods=search&pid=22060&revision=0.0.1-SNAPSHOT&side=consumer&timeout=30000&timestamp=1531294574897, dubbo version: 2.5.3, current host: 10.25.193.20


[INFO ] 2018-07-11 15:36:17,339 method:org.springframework.web.servlet.handler.AbstractHandlerMethodMapping$MappingRegistry.register(AbstractHandlerMethodMapping.java:527)
Mapped "{[/search]}" onto public java.lang.String com.taotao.search.controller.SearchController.search(java.lang.String,java.lang.Integer,org.springframework.ui.Model)


[INFO ] 2018-07-11 15:36:20,512 method:org.springframework.web.servlet.mvc.method.annotation.RequestMappingHandlerAdapter.initControllerAdviceCache(RequestMappingHandlerAdapter.java:532)
Looking for @ControllerAdvice: WebApplicationContext for namespace 'taotao-search-web-servlet': startup date [Wed Jul 11 15:36:13 CST 2018]; root of context hierarchy


[INFO ] 2018-07-11 15:36:20,585 method:org.springframework.web.servlet.mvc.method.annotation.RequestMappingHandlerAdapter.initControllerAdviceCache(RequestMappingHandlerAdapter.java:532)
Looking for @ControllerAdvice: WebApplicationContext for namespace 'taotao-search-web-servlet': startup date [Wed Jul 11 15:36:13 CST 2018]; root of context hierarchy


[INFO ] 2018-07-11 15:36:20,775 method:org.springframework.web.servlet.FrameworkServlet.initServletBean(FrameworkServlet.java:508)
FrameworkServlet 'taotao-search-web': initialization completed in 7158 ms


[WARN ] 2018-07-11 15:48:43,743 method:org.apache.zookeeper.ClientCnxn$SendThread.run(ClientCnxn.java:1108)
Client session timed out, have not heard from server in 20005ms for sessionid 0x16488b8eedb0020


[INFO ] 2018-07-11 15:48:43,863 method:org.apache.zookeeper.ClientCnxn$SendThread.run(ClientCnxn.java:1156)
Client session timed out, have not heard from server in 20005ms for sessionid 0x16488b8eedb0020, closing socket connection and attempting reconnect


[INFO ] 2018-07-11 15:48:44,026 method:org.I0Itec.zkclient.ZkClient.processStateChanged(ZkClient.java:449)
zookeeper state changed (Disconnected)


[INFO ] 2018-07-11 15:48:45,755 method:org.apache.zookeeper.ClientCnxn$SendThread.logStartConnect(ClientCnxn.java:1032)
Opening socket connection to server 192.168.25.167/192.168.25.167:2181. Will not attempt to authenticate using SASL (unknown error)


[INFO ] 2018-07-11 15:48:58,641 method:org.apache.zookeeper.ClientCnxn$SendThread.primeConnection(ClientCnxn.java:876)
Socket connection established to 192.168.25.167/192.168.25.167:2181, initiating session


[INFO ] 2018-07-11 15:49:14,170 method:org.apache.zookeeper.ClientCnxn$SendThread.onConnected(ClientCnxn.java:1299)
Session establishment complete on server 192.168.25.167/192.168.25.167:2181, sessionid = 0x16488b8eedb0020, negotiated timeout = 30000


[INFO ] 2018-07-11 15:49:14,171 method:org.I0Itec.zkclient.ZkClient.processStateChanged(ZkClient.java:449)
zookeeper state changed (SyncConnected)


[WARN ] 2018-07-11 15:53:12,228 method:org.apache.zookeeper.ClientCnxn$SendThread.run(ClientCnxn.java:1108)
Client session timed out, have not heard from server in 20008ms for sessionid 0x16488b8eedb0020


[INFO ] 2018-07-11 15:53:12,228 method:org.apache.zookeeper.ClientCnxn$SendThread.run(ClientCnxn.java:1156)
Client session timed out, have not heard from server in 20008ms for sessionid 0x16488b8eedb0020, closing socket connection and attempting reconnect


[INFO ] 2018-07-11 15:53:12,330 method:org.I0Itec.zkclient.ZkClient.processStateChanged(ZkClient.java:449)
zookeeper state changed (Disconnected)


[INFO ] 2018-07-11 15:53:13,781 method:org.apache.zookeeper.ClientCnxn$SendThread.logStartConnect(ClientCnxn.java:1032)
Opening socket connection to server 192.168.25.167/192.168.25.167:2181. Will not attempt to authenticate using SASL (unknown error)


[INFO ] 2018-07-11 15:53:16,838 method:org.apache.zookeeper.ClientCnxn$SendThread.primeConnection(ClientCnxn.java:876)
Socket connection established to 192.168.25.167/192.168.25.167:2181, initiating session


[INFO ] 2018-07-11 15:53:16,841 method:org.apache.zookeeper.ClientCnxn$SendThread.onConnected(ClientCnxn.java:1299)
Session establishment complete on server 192.168.25.167/192.168.25.167:2181, sessionid = 0x16488b8eedb0020, negotiated timeout = 30000


[INFO ] 2018-07-11 15:53:16,841 method:org.I0Itec.zkclient.ZkClient.processStateChanged(ZkClient.java:449)
zookeeper state changed (SyncConnected)
